#
# A fatal error has been detected by the Java Runtime Environment:
#
#  Internal Error (t:/workspace/open/src/hotspot/share/oops/generateOopMap.cpp:2164), pid=7252, tid=4540
#  fatal error: Illegal class file encountered. Try running with -Xverify:all in method update
#
# JRE version: OpenJDK Runtime Environment (12.0.2+10) (build 12.0.2+10)
# Java VM: OpenJDK 64-Bit Server VM (12.0.2+10, mixed mode, sharing, tiered, compressed oops, g1 gc, windows-amd64)
# No core dump will be written. Minidumps are not enabled by default on client versions of Windows
#
# If you would like to submit a bug report, please visit:
#   http://bugreport.java.com/bugreport/crash.jsp
#

---------------  S U M M A R Y ------------

Command Line: -agentlib:jdwp=transport=dt_socket,suspend=y,address=localhost:61108 -ea -javaagent:C:\Users\bhavi\eclipse\jee-2019-093\eclipse\configuration\org.eclipse.osgi\412\0\.cp\lib\javaagent-shaded.jar -Dfile.encoding=UTF-8 org.eclipse.jdt.internal.junit.runner.RemoteTestRunner -version 3 -port 61103 -testLoaderClass org.eclipse.jdt.internal.junit5.runner.JUnit5TestLoader -loaderpluginname org.eclipse.jdt.junit5.runtime -test com.ls.training.service.UserServiceTest:update

Host: Intel(R) Core(TM) i3-4005U CPU @ 1.70GHz, 4 cores, 3G,  Windows 10 , 64 bit Build 18362 (10.0.18362.900)
Time: Mon Jul 13 17:03:53 2020 India Standard Time elapsed time: 4062 seconds (0d 1h 7m 42s)

---------------  T H R E A D  ---------------

Current thread (0x0000017e545df000):  VMThread "VM Thread" [stack: 0x0000007dd9200000,0x0000007dd9300000] [id=4540]

Stack: [0x0000007dd9200000,0x0000007dd9300000]
[error occurred during error reporting (printing stack bounds), id 0xc0000005, EXCEPTION_ACCESS_VIOLATION (0xc0000005) at pc=0x0000017e404c0bad]

Native frames: (J=compiled Java code, j=interpreted, Vv=VM code, C=native code)
V  [jvm.dll+0x63a6aa]
V  [jvm.dll+0x78cc6e]
V  [jvm.dll+0x78e311]
V  [jvm.dll+0x78e8c5]
V  [jvm.dll+0x78e87b]
V  [jvm.dll+0x639da4]
V  [jvm.dll+0x63a178]
C  [ntdll.dll+0xa11cf]
C  [ntdll.dll+0x6a209]
C  [ntdll.dll+0x9fe3e]
C  0x0000017e404c0bad

VM_Operation (0x0000007dd9bff300): GetOrSetLocal, mode: safepoint, requested by thread 0x0000017e550d1800


---------------  P R O C E S S  ---------------

Threads class SMR info:
_java_thread_list=0x0000017e56ccdbf0, length=15, elements={
0x0000017e368da800, 0x0000017e545e4800, 0x0000017e545e5800, 0x0000017e545fb800,
0x0000017e545fc800, 0x0000017e54606000, 0x0000017e5462e800, 0x0000017e5463c000,
0x0000017e545cc800, 0x0000017e550d1800, 0x0000017e550fb800, 0x0000017e55142000,
0x0000017e559a1000, 0x0000017e55a11800, 0x0000017e55ce2800
}

Java Threads: ( => current thread )
  0x0000017e368da800 JavaThread "main" [_thread_blocked, id=8916, stack(0x0000007dd8c00000,0x0000007dd8d00000)]
  0x0000017e545e4800 JavaThread "Reference Handler" daemon [_thread_blocked, id=8796, stack(0x0000007dd9300000,0x0000007dd9400000)]
  0x0000017e545e5800 JavaThread "Finalizer" daemon [_thread_blocked, id=13096, stack(0x0000007dd9400000,0x0000007dd9500000)]
  0x0000017e545fb800 JavaThread "Signal Dispatcher" daemon [_thread_blocked, id=13292, stack(0x0000007dd9500000,0x0000007dd9600000)]
  0x0000017e545fc800 JavaThread "Attach Listener" daemon [_thread_blocked, id=4192, stack(0x0000007dd9600000,0x0000007dd9700000)]
  0x0000017e54606000 JavaThread "C2 CompilerThread0" daemon [_thread_blocked, id=1072, stack(0x0000007dd9700000,0x0000007dd9800000)]
  0x0000017e5462e800 JavaThread "C1 CompilerThread0" daemon [_thread_blocked, id=2292, stack(0x0000007dd9800000,0x0000007dd9900000)]
  0x0000017e5463c000 JavaThread "Sweeper thread" daemon [_thread_blocked, id=7872, stack(0x0000007dd9900000,0x0000007dd9a00000)]
  0x0000017e545cc800 JavaThread "Common-Cleaner" daemon [_thread_blocked, id=8220, stack(0x0000007dd9a00000,0x0000007dd9b00000)]
  0x0000017e550d1800 JavaThread "JDWP Transport Listener: dt_socket" daemon [_thread_blocked, id=11600, stack(0x0000007dd9b00000,0x0000007dd9c00000)] _threads_hazard_ptr=0x0000017e56ccdbf0
  0x0000017e550fb800 JavaThread "JDWP Event Helper Thread" daemon [_thread_blocked, id=1172, stack(0x0000007dd9c00000,0x0000007dd9d00000)]
  0x0000017e55142000 JavaThread "JDWP Command Reader" daemon [_thread_in_native, id=10516, stack(0x0000007dd9d00000,0x0000007dd9e00000)]
  0x0000017e559a1000 JavaThread "Service Thread" daemon [_thread_blocked, id=3340, stack(0x0000007dd9f00000,0x0000007dda000000)]
  0x0000017e55a11800 JavaThread "ReaderThread" [_thread_in_native, id=12708, stack(0x0000007dda200000,0x0000007dda300000)]
  0x0000017e55ce2800 JavaThread "HikariPool-1 housekeeper" daemon [_thread_blocked, id=10592, stack(0x0000007dda600000,0x0000007dda700000)]

Other Threads:
=>0x0000017e545df000 VMThread "VM Thread" [stack: 0x0000007dd9200000,0x0000007dd9300000] [id=4540]
  0x0000017e559a1800 WatcherThread [stack: 0x0000007dda000000,0x0000007dda100000] [id=1424]
  0x0000017e36909800 GCTaskThread "GC Thread#0" [stack: 0x0000007dd8d00000,0x0000007dd8e00000] [id=1428]
  0x0000017e56064800 GCTaskThread "GC Thread#1" [stack: 0x0000007dda100000,0x0000007dda200000] [id=1324]
  0x0000017e56063800 GCTaskThread "GC Thread#2" [stack: 0x0000007dda300000,0x0000007dda400000] [id=7600]
  0x0000017e56063000 GCTaskThread "GC Thread#3" [stack: 0x0000007dda400000,0x0000007dda500000] [id=9024]
  0x0000017e36912800 ConcurrentGCThread "G1 Main Marker" [stack: 0x0000007dd8e00000,0x0000007dd8f00000] [id=3356]
  0x0000017e36918000 ConcurrentGCThread "G1 Conc#0" [stack: 0x0000007dd8f00000,0x0000007dd9000000] [id=12716]
  0x0000017e3696d800 ConcurrentGCThread "G1 Refine#0" [stack: 0x0000007dd9000000,0x0000007dd9100000] [id=1148]
  0x0000017e3696e800 ConcurrentGCThread "G1 Young RemSet Sampling" [stack: 0x0000007dd9100000,0x0000007dd9200000] [id=2296]

Threads with active compile tasks:

VM state:at safepoint (normal execution)

VM Mutex/Monitor currently owned by a thread:  ([mutex/lock_event])
[0x0000017e368d5ba0] Threads_lock - owner thread: 0x0000017e545df000

Heap address: 0x00000000c1400000, size: 1004 MB, Compressed Oops mode: 32-bit
Narrow klass base: 0x0000000800000000, Narrow klass shift: 3
Compressed class space size: 1073741824 Address: 0x0000000801180000

Heap:
 garbage-first heap   total 51200K, used 41582K [0x00000000c1400000, 0x0000000100000000)
  region size 1024K, 15 young (15360K), 1 survivors (1024K)
 Metaspace       used 54009K, capacity 55690K, committed 56064K, reserved 1097728K
  class space    used 7155K, capacity 7817K, committed 7936K, reserved 1048576K
Heap Regions: E=young(eden), S=young(survivor), O=old, HS=humongous(starts), HC=humongous(continues), CS=collection set, F=free, A=archive, TAMS=top-at-mark-start (previous, next)
|   0|0x00000000c1400000, 0x00000000c1500000, 0x00000000c1500000|100%|HS|  |TAMS 0x00000000c1500000, 0x00000000c1400000| Complete 
|   1|0x00000000c1500000, 0x00000000c1600000, 0x00000000c1600000|100%| O|  |TAMS 0x00000000c1600000, 0x00000000c1500000| Untracked 
|   2|0x00000000c1600000, 0x00000000c1700000, 0x00000000c1700000|100%| O|  |TAMS 0x00000000c1700000, 0x00000000c1600000| Untracked 
|   3|0x00000000c1700000, 0x00000000c1800000, 0x00000000c1800000|100%| O|  |TAMS 0x00000000c1800000, 0x00000000c1700000| Untracked 
|   4|0x00000000c1800000, 0x00000000c1900000, 0x00000000c1900000|100%| O|  |TAMS 0x00000000c1900000, 0x00000000c1800000| Untracked 
|   5|0x00000000c1900000, 0x00000000c1a00000, 0x00000000c1a00000|100%| O|  |TAMS 0x00000000c1a00000, 0x00000000c1900000| Untracked 
|   6|0x00000000c1a00000, 0x00000000c1b00000, 0x00000000c1b00000|100%| O|  |TAMS 0x00000000c1b00000, 0x00000000c1a00000| Untracked 
|   7|0x00000000c1b00000, 0x00000000c1bf6200, 0x00000000c1c00000| 96%| O|  |TAMS 0x00000000c1bf6200, 0x00000000c1b00000| Untracked 
|   8|0x00000000c1c00000, 0x00000000c1d00000, 0x00000000c1d00000|100%| O|  |TAMS 0x00000000c1d00000, 0x00000000c1c00000| Untracked 
|   9|0x00000000c1d00000, 0x00000000c1e00000, 0x00000000c1e00000|100%| O|  |TAMS 0x00000000c1e00000, 0x00000000c1d00000| Complete 
|  10|0x00000000c1e00000, 0x00000000c1f00000, 0x00000000c1f00000|100%| O|  |TAMS 0x00000000c1f00000, 0x00000000c1e00000| Complete 
|  11|0x00000000c1f00000, 0x00000000c2000000, 0x00000000c2000000|100%| O|  |TAMS 0x00000000c2000000, 0x00000000c1f00000| Complete 
|  12|0x00000000c2000000, 0x00000000c2100000, 0x00000000c2100000|100%| O|  |TAMS 0x00000000c2100000, 0x00000000c2000000| Complete 
|  13|0x00000000c2100000, 0x00000000c2200000, 0x00000000c2200000|100%| O|  |TAMS 0x00000000c2200000, 0x00000000c2100000| Complete 
|  14|0x00000000c2200000, 0x00000000c2300000, 0x00000000c2300000|100%| O|  |TAMS 0x00000000c2300000, 0x00000000c2200000| Complete 
|  15|0x00000000c2300000, 0x00000000c2400000, 0x00000000c2400000|100%| O|  |TAMS 0x00000000c2400000, 0x00000000c2300000| Complete 
|  16|0x00000000c2400000, 0x00000000c2500000, 0x00000000c2500000|100%| O|  |TAMS 0x00000000c2500000, 0x00000000c2400000| Untracked 
|  17|0x00000000c2500000, 0x00000000c2600000, 0x00000000c2600000|100%| O|  |TAMS 0x00000000c2600000, 0x00000000c2500000| Untracked 
|  18|0x00000000c2600000, 0x00000000c2700000, 0x00000000c2700000|100%| O|  |TAMS 0x00000000c2700000, 0x00000000c2600000| Untracked 
|  19|0x00000000c2700000, 0x00000000c2800000, 0x00000000c2800000|100%| O|  |TAMS 0x00000000c2800000, 0x00000000c2700000| Complete 
|  20|0x00000000c2800000, 0x00000000c2900000, 0x00000000c2900000|100%| O|  |TAMS 0x00000000c2900000, 0x00000000c2800000| Complete 
|  21|0x00000000c2900000, 0x00000000c2a00000, 0x00000000c2a00000|100%| O|  |TAMS 0x00000000c2a00000, 0x00000000c2900000| Complete 
|  22|0x00000000c2a00000, 0x00000000c2b00000, 0x00000000c2b00000|100%| O|  |TAMS 0x00000000c2b00000, 0x00000000c2a00000| Complete 
|  23|0x00000000c2b00000, 0x00000000c2c00000, 0x00000000c2c00000|100%| O|  |TAMS 0x00000000c2c00000, 0x00000000c2b00000| Complete 
|  24|0x00000000c2c00000, 0x00000000c2d00000, 0x00000000c2d00000|100%| O|  |TAMS 0x00000000c2d00000, 0x00000000c2c00000| Complete 
|  25|0x00000000c2d00000, 0x00000000c2e00000, 0x00000000c2e00000|100%| O|  |TAMS 0x00000000c2e00000, 0x00000000c2d00000| Complete 
|  26|0x00000000c2e00000, 0x00000000c2ef0200, 0x00000000c2f00000| 93%| O|  |TAMS 0x00000000c2ef0200, 0x00000000c2e00000| Untracked 
|  27|0x00000000c2f00000, 0x00000000c2f00000, 0x00000000c3000000|  0%| F|  |TAMS 0x00000000c2f00000, 0x00000000c2f00000| Untracked 
|  28|0x00000000c3000000, 0x00000000c3000000, 0x00000000c3100000|  0%| F|  |TAMS 0x00000000c3000000, 0x00000000c3000000| Untracked 
|  29|0x00000000c3100000, 0x00000000c3100000, 0x00000000c3200000|  0%| F|  |TAMS 0x00000000c3100000, 0x00000000c3100000| Untracked 
|  30|0x00000000c3200000, 0x00000000c3200000, 0x00000000c3300000|  0%| F|  |TAMS 0x00000000c3200000, 0x00000000c3200000| Untracked 
|  31|0x00000000c3300000, 0x00000000c3300000, 0x00000000c3400000|  0%| F|  |TAMS 0x00000000c3300000, 0x00000000c3300000| Untracked 
|  32|0x00000000c3400000, 0x00000000c3400000, 0x00000000c3500000|  0%| F|  |TAMS 0x00000000c3400000, 0x00000000c3400000| Untracked 
|  33|0x00000000c3500000, 0x00000000c3500000, 0x00000000c3600000|  0%| F|  |TAMS 0x00000000c3500000, 0x00000000c3500000| Untracked 
|  34|0x00000000c3600000, 0x00000000c36b5518, 0x00000000c3700000| 70%| S|CS|TAMS 0x00000000c3600000, 0x00000000c3600000| Complete 
|  35|0x00000000c3700000, 0x00000000c3700000, 0x00000000c3800000|  0%| F|  |TAMS 0x00000000c3700000, 0x00000000c3700000| Untracked 
|  36|0x00000000c3800000, 0x00000000c38a25f8, 0x00000000c3900000| 63%| E|  |TAMS 0x00000000c3800000, 0x00000000c3800000| Complete 
|  37|0x00000000c3900000, 0x00000000c3a00000, 0x00000000c3a00000|100%| E|CS|TAMS 0x00000000c3900000, 0x00000000c3900000| Complete 
|  38|0x00000000c3a00000, 0x00000000c3b00000, 0x00000000c3b00000|100%| E|CS|TAMS 0x00000000c3a00000, 0x00000000c3a00000| Complete 
|  39|0x00000000c3b00000, 0x00000000c3c00000, 0x00000000c3c00000|100%| E|CS|TAMS 0x00000000c3b00000, 0x00000000c3b00000| Complete 
|  40|0x00000000c3c00000, 0x00000000c3d00000, 0x00000000c3d00000|100%| E|CS|TAMS 0x00000000c3c00000, 0x00000000c3c00000| Complete 
|  41|0x00000000c3d00000, 0x00000000c3e00000, 0x00000000c3e00000|100%| E|CS|TAMS 0x00000000c3d00000, 0x00000000c3d00000| Complete 
|  42|0x00000000c3e00000, 0x00000000c3f00000, 0x00000000c3f00000|100%| E|CS|TAMS 0x00000000c3e00000, 0x00000000c3e00000| Complete 
|  43|0x00000000c3f00000, 0x00000000c4000000, 0x00000000c4000000|100%| E|CS|TAMS 0x00000000c3f00000, 0x00000000c3f00000| Complete 
|  44|0x00000000c4000000, 0x00000000c4100000, 0x00000000c4100000|100%| E|CS|TAMS 0x00000000c4000000, 0x00000000c4000000| Complete 
|  45|0x00000000c4100000, 0x00000000c4200000, 0x00000000c4200000|100%| E|CS|TAMS 0x00000000c4100000, 0x00000000c4100000| Complete 
|  57|0x00000000c4d00000, 0x00000000c4e00000, 0x00000000c4e00000|100%| E|CS|TAMS 0x00000000c4d00000, 0x00000000c4d00000| Complete 
|  58|0x00000000c4e00000, 0x00000000c4f00000, 0x00000000c4f00000|100%| E|CS|TAMS 0x00000000c4e00000, 0x00000000c4e00000| Complete 
|  59|0x00000000c4f00000, 0x00000000c5000000, 0x00000000c5000000|100%| E|CS|TAMS 0x00000000c4f00000, 0x00000000c4f00000| Complete 
|  63|0x00000000c5300000, 0x00000000c5400000, 0x00000000c5400000|100%| E|CS|TAMS 0x00000000c5300000, 0x00000000c5300000| Complete 

Card table byte_map: [0x0000017e4fcf0000,0x0000017e4fef0000] _byte_map_base: 0x0000017e4f6e6000

Marking Bits (Prev, Next): (CMBitMap*) 0x0000017e3690b428, (CMBitMap*) 0x0000017e3690b468
 Prev Bits: [0x0000017e500f0000, 0x0000017e510a0000)
 Next Bits: [0x0000017e510a0000, 0x0000017e52050000)

Polling page: 0x0000017e36740000

Metaspace:

Usage:
  Non-class:     46.75 MB capacity,    45.76 MB ( 98%) used,   810.78 KB (  2%) free+waste,   208.25 KB ( <1%) overhead. 
      Class:      7.63 MB capacity,     6.99 MB ( 92%) used,   563.55 KB (  7%) free+waste,    97.63 KB (  1%) overhead. 
       Both:     54.38 MB capacity,    52.74 MB ( 97%) used,     1.34 MB (  2%) free+waste,   305.88 KB ( <1%) overhead. 

Virtual space:
  Non-class space:       48.00 MB reserved,      47.00 MB ( 98%) committed 
      Class space:        1.00 GB reserved,       7.75 MB ( <1%) committed 
             Both:        1.05 GB reserved,      54.75 MB (  5%) committed 

Chunk freelists:
   Non-Class:  7.88 KB
       Class:  2.88 KB
        Both:  10.75 KB

CodeHeap 'non-profiled nmethods': size=120064Kb used=4275Kb max_used=4963Kb free=115788Kb
 bounds [0x0000017e47f80000, 0x0000017e48460000, 0x0000017e4f4c0000]
CodeHeap 'profiled nmethods': size=120000Kb used=11820Kb max_used=13305Kb free=108180Kb
 bounds [0x0000017e40a50000, 0x0000017e41760000, 0x0000017e47f80000]
CodeHeap 'non-nmethods': size=5696Kb used=1318Kb max_used=1411Kb free=4377Kb
 bounds [0x0000017e404c0000, 0x0000017e40730000, 0x0000017e40a50000]
 total_blobs=8360 nmethods=5233 adapters=498
 compilation: enabled
              stopped_count=0, restarted_count=0
 full_count=0

Compilation events (10 events):
Event: 3805.509 Thread 0x0000017e5462e800 6324       1       com.zaxxer.hikari.HikariConfig::getIdleTimeout (5 bytes)
Event: 3805.509 Thread 0x0000017e5462e800 nmethod 6324 0x0000017e480a2390 code [0x0000017e480a2540, 0x0000017e480a2678]
Event: 3835.510 Thread 0x0000017e5462e800 6325       1       com.zaxxer.hikari.pool.HikariPool::access$500 (5 bytes)
Event: 3835.513 Thread 0x0000017e5462e800 nmethod 6325 0x0000017e480a2010 code [0x0000017e480a21c0, 0x0000017e480a22b8]
Event: 3835.513 Thread 0x0000017e5462e800 6326       1       com.zaxxer.hikari.pool.ProxyLeakTaskFactory::updateLeakDetectionThreshold (6 bytes)
Event: 3835.513 Thread 0x0000017e5462e800 nmethod 6326 0x0000017e480a1c90 code [0x0000017e480a1e40, 0x0000017e480a1f78]
Event: 3835.518 Thread 0x0000017e54606000 6327       4       java.util.Calendar::setFieldsComputed (117 bytes)
Event: 3835.535 Thread 0x0000017e54606000 nmethod 6327 0x0000017e480a1690 code [0x0000017e480a1860, 0x0000017e480a1af8]
Event: 3985.529 Thread 0x0000017e5462e800 6328       3       java.lang.invoke.VarHandleGuards::guard_LI_V (103 bytes)
Event: 3985.536 Thread 0x0000017e5462e800 nmethod 6328 0x0000017e40c4ee90 code [0x0000017e40c4f220, 0x0000017e40c50f90]

GC Heap History (10 events):
Event: 45.315 GC heap before
{Heap before GC invocations=43 (full 0):
 garbage-first heap   total 49152K, used 40236K [0x00000000c1400000, 0x0000000100000000)
  region size 1024K, 16 young (16384K), 2 survivors (2048K)
 Metaspace       used 51528K, capacity 53064K, committed 53248K, reserved 1095680K
  class space    used 6784K, capacity 7380K, committed 7424K, reserved 1048576K
}
Event: 45.321 GC heap after
{Heap after GC invocations=44 (full 0):
 garbage-first heap   total 49152K, used 26462K [0x00000000c1400000, 0x0000000100000000)
  region size 1024K, 2 young (2048K), 2 survivors (2048K)
 Metaspace       used 51528K, capacity 53064K, committed 53248K, reserved 1095680K
  class space    used 6784K, capacity 7380K, committed 7424K, reserved 1048576K
}
Event: 46.123 GC heap before
{Heap before GC invocations=45 (full 0):
 garbage-first heap   total 50176K, used 40798K [0x00000000c1400000, 0x0000000100000000)
  region size 1024K, 16 young (16384K), 2 survivors (2048K)
 Metaspace       used 51722K, capacity 53295K, committed 53632K, reserved 1095680K
  class space    used 6811K, capacity 7434K, committed 7552K, reserved 1048576K
}
Event: 46.129 GC heap after
{Heap after GC invocations=46 (full 0):
 garbage-first heap   total 50176K, used 26935K [0x00000000c1400000, 0x0000000100000000)
  region size 1024K, 2 young (2048K), 2 survivors (2048K)
 Metaspace       used 51722K, capacity 53295K, committed 53632K, reserved 1095680K
  class space    used 6811K, capacity 7434K, committed 7552K, reserved 1048576K
}
Event: 46.725 GC heap before
{Heap before GC invocations=46 (full 0):
 garbage-first heap   total 50176K, used 41271K [0x00000000c1400000, 0x0000000100000000)
  region size 1024K, 16 young (16384K), 2 survivors (2048K)
 Metaspace       used 51881K, capacity 53456K, committed 53632K, reserved 1095680K
  class space    used 6834K, capacity 7440K, committed 7552K, reserved 1048576K
}
Event: 46.735 GC heap after
{Heap after GC invocations=47 (full 0):
 garbage-first heap   total 50176K, used 28068K [0x00000000c1400000, 0x0000000100000000)
  region size 1024K, 2 young (2048K), 2 survivors (2048K)
 Metaspace       used 51881K, capacity 53456K, committed 53632K, reserved 1095680K
  class space    used 6834K, capacity 7440K, committed 7552K, reserved 1048576K
}
Event: 47.803 GC heap before
{Heap before GC invocations=48 (full 0):
 garbage-first heap   total 51200K, used 41380K [0x00000000c1400000, 0x0000000100000000)
  region size 1024K, 15 young (15360K), 2 survivors (2048K)
 Metaspace       used 52367K, capacity 54001K, committed 54144K, reserved 1095680K
  class space    used 6907K, capacity 7537K, committed 7552K, reserved 1048576K
}
Event: 47.809 GC heap after
{Heap after GC invocations=49 (full 0):
 garbage-first heap   total 51200K, used 28001K [0x00000000c1400000, 0x0000000100000000)
  region size 1024K, 1 young (1024K), 1 survivors (1024K)
 Metaspace       used 52367K, capacity 54001K, committed 54144K, reserved 1095680K
  class space    used 6907K, capacity 7537K, committed 7552K, reserved 1048576K
}
Event: 48.553 GC heap before
{Heap before GC invocations=49 (full 0):
 garbage-first heap   total 51200K, used 42337K [0x00000000c1400000, 0x0000000100000000)
  region size 1024K, 15 young (15360K), 1 survivors (1024K)
 Metaspace       used 53478K, capacity 55128K, committed 55424K, reserved 1097728K
  class space    used 7097K, capacity 7738K, committed 7808K, reserved 1048576K
}
Event: 48.557 GC heap after
{Heap after GC invocations=50 (full 0):
 garbage-first heap   total 51200K, used 28270K [0x00000000c1400000, 0x0000000100000000)
  region size 1024K, 1 young (1024K), 1 survivors (1024K)
 Metaspace       used 53478K, capacity 55128K, committed 55424K, reserved 1097728K
  class space    used 7097K, capacity 7738K, committed 7808K, reserved 1048576K
}

Deoptimization events (10 events):
Event: 48.265 Thread 0x0000017e368da800 Uncommon trap: reason=bimorphic_or_optimized_type_check action=maybe_recompile pc=0x0000017e482a4170 method=net.bytebuddy.description.type.TypeDescription$AbstractBase.equals(Ljava/lang/Object;)Z @ 34 c2
Event: 48.265 Thread 0x0000017e368da800 Uncommon trap: reason=bimorphic_or_optimized_type_check action=maybe_recompile pc=0x0000017e482a4170 method=net.bytebuddy.description.type.TypeDescription$AbstractBase.equals(Ljava/lang/Object;)Z @ 34 c2
Event: 48.365 Thread 0x0000017e368da800 Uncommon trap: reason=unstable_if action=reinterpret pc=0x0000017e4812c668 method=jdk.internal.module.SystemModuleFinders$SystemModuleReader.find(Ljava/lang/String;)Ljava/util/Optional; @ 7 c2
Event: 48.478 Thread 0x0000017e368da800 Uncommon trap: reason=unstable_if action=reinterpret pc=0x0000017e482ec834 method=java.lang.ClassLoader.preDefineClass(Ljava/lang/String;Ljava/security/ProtectionDomain;)Ljava/security/ProtectionDomain; @ 93 c2
Event: 48.479 Thread 0x0000017e368da800 Uncommon trap: reason=unstable_if action=reinterpret pc=0x0000017e47fed580 method=org.eclipse.jdt.launching.internal.javaagent.Premain$1.transform(Ljava/lang/ClassLoader;Ljava/lang/String;Ljava/lang/Class;Ljava/security/ProtectionDomain;[B)[B @ 36 c2
Event: 49.144 Thread 0x0000017e368da800 Uncommon trap: reason=unhandled action=none pc=0x0000017e482af350 method=jdk.internal.loader.BuiltinClassLoader.loadClass(Ljava/lang/String;Z)Ljava/lang/Class; @ 19 c2
Event: 49.153 Thread 0x0000017e368da800 Uncommon trap: reason=unhandled action=none pc=0x0000017e482af350 method=jdk.internal.loader.BuiltinClassLoader.loadClass(Ljava/lang/String;Z)Ljava/lang/Class; @ 19 c2
Event: 49.154 Thread 0x0000017e368da800 Uncommon trap: reason=unhandled action=none pc=0x0000017e482af350 method=jdk.internal.loader.BuiltinClassLoader.loadClass(Ljava/lang/String;Z)Ljava/lang/Class; @ 19 c2
Event: 49.203 Thread 0x0000017e368da800 Uncommon trap: reason=unstable_if action=reinterpret pc=0x0000017e47f94764 method=java.lang.CharacterData.of(I)Ljava/lang/CharacterData; @ 4 c2
Event: 364.575 Thread 0x0000017e550d1800 Uncommon trap: reason=unstable_if action=reinterpret pc=0x0000017e480ead6c method=sun.instrument.InstrumentationImpl.transform(Ljava/lang/Module;Ljava/lang/ClassLoader;Ljava/lang/String;Ljava/lang/Class;Ljava/security/ProtectionDomain;[BZ)[B @ 24 c2

Classes redefined (10 events):
Event: 3505.785 Thread 0x0000017e545df000 redefined class name=com.ls.training.service.UserServiceTest, count=31
Event: 3578.543 Thread 0x0000017e545df000 redefined class name=com.ls.training.service.UserServiceTest, count=32
Event: 3593.585 Thread 0x0000017e545df000 redefined class name=com.ls.training.service.UserServiceTest, count=33
Event: 3609.116 Thread 0x0000017e545df000 redefined class name=com.ls.training.service.UserServiceTest, count=34
Event: 3649.539 Thread 0x0000017e545df000 redefined class name=com.ls.training.service.impl.UserServiceImpl, count=6
Event: 3673.094 Thread 0x0000017e545df000 redefined class name=com.ls.training.service.impl.UserServiceImpl, count=7
Event: 3686.778 Thread 0x0000017e545df000 redefined class name=com.ls.training.service.impl.UserServiceImpl, count=8
Event: 3696.626 Thread 0x0000017e545df000 redefined class name=com.ls.training.service.impl.UserServiceImpl, count=9
Event: 3701.851 Thread 0x0000017e545df000 redefined class name=com.ls.training.service.impl.UserServiceImpl, count=10
Event: 3839.798 Thread 0x0000017e545df000 redefined class name=com.ls.training.service.impl.UserServiceImpl, count=11

Internal exceptions (10 events):
Event: 47.202 Thread 0x0000017e368da800 Exception <a 'java/lang/ClassNotFoundException'{0x00000000c4193c08}: java/lang/ObjectCustomizer> (0x00000000c4193c08) thrown at [t:/workspace/open/src/hotspot/share/classfile/systemDictionary.cpp, line 235]
Event: 47.205 Thread 0x0000017e368da800 Exception <a 'java/lang/ClassNotFoundException'{0x00000000c41b0ac8}: org/springframework/web/multipart/support/StandardServletMultipartResolverCustomizer> (0x00000000c41b0ac8) thrown at [t:/workspace/open/src/hotspot/share/classfile/systemDictionary.cpp, 
Event: 47.208 Thread 0x0000017e368da800 Exception <a 'java/lang/ClassNotFoundException'{0x00000000c41cb0e0}: org/springframework/web/multipart/MultipartResolverCustomizer> (0x00000000c41cb0e0) thrown at [t:/workspace/open/src/hotspot/share/classfile/systemDictionary.cpp, line 235]
Event: 47.488 Thread 0x0000017e368da800 Exception <a 'java/lang/ClassNotFoundException'{0x00000000c3cc7608}: java/lang/ObjectCustomizer> (0x00000000c3cc7608) thrown at [t:/workspace/open/src/hotspot/share/classfile/systemDictionary.cpp, line 235]
Event: 47.491 Thread 0x0000017e368da800 Exception <a 'java/lang/ClassNotFoundException'{0x00000000c3cde288}: com/ls/training/service/UserServiceTestCustomizer> (0x00000000c3cde288) thrown at [t:/workspace/open/src/hotspot/share/classfile/systemDictionary.cpp, line 235]
Event: 47.575 Thread 0x0000017e368da800 Exception <a 'java/lang/NoSuchMethodError'{0x00000000c3b8b208}: java.lang.invoke.DirectMethodHandle$Holder.invokeSpecial(Ljava/lang/Object;Ljava/lang/Object;Ljava/lang/Object;Ljava/lang/Object;Ljava/lang/Object;I)Ljava/lang/Object;> (0x00000000c3b8b208) t
Event: 47.577 Thread 0x0000017e368da800 Exception <a 'java/lang/NoSuchMethodError'{0x00000000c3b8e490}: java.lang.invoke.Invokers$Holder.linkToTargetMethod(Ljava/lang/Object;Ljava/lang/Object;Ljava/lang/Object;ILjava/lang/Object;)Ljava/lang/Object;> (0x00000000c3b8e490) thrown at [t:/workspace/
Event: 48.478 Thread 0x0000017e368da800 Implicit null exception at 0x0000017e482e995d to 0x0000017e482ec7fe
Event: 48.479 Thread 0x0000017e368da800 Implicit null exception at 0x0000017e47fecb4d to 0x0000017e47fed546
Event: 48.980 Thread 0x0000017e368da800 Exception <a 'java/lang/ClassNotFoundException'{0x00000000c4f27e28}: java/lang/ClassLoader$ByteBuddyAccessor$hIkQSTqG> (0x00000000c4f27e28) thrown at [t:/workspace/open/src/hotspot/share/classfile/systemDictionary.cpp, line 235]

Events (10 events):
Event: 4010.432 Executing VM operation: GetCurrentContendedMonitor done
Event: 4010.433 Executing VM operation: GetOwnedMonitorInfo
Event: 4010.433 Executing VM operation: GetOwnedMonitorInfo done
Event: 4060.797 Executing VM operation: GetCurrentContendedMonitor
Event: 4060.797 Executing VM operation: GetCurrentContendedMonitor done
Event: 4060.798 Executing VM operation: GetOwnedMonitorInfo
Event: 4060.798 Executing VM operation: GetOwnedMonitorInfo done
Event: 4062.781 Executing VM operation: GetFrameLocation
Event: 4062.782 Executing VM operation: GetFrameLocation done
Event: 4062.782 Executing VM operation: GetOrSetLocal


Dynamic libraries:
0x00007ff76fc70000 - 0x00007ff76fc7d000 	C:\Program Files\Java\jdk-12.0.2\bin\javaw.exe
0x00007ffe772e0000 - 0x00007ffe774d0000 	C:\Windows\SYSTEM32\ntdll.dll
0x00007ffe75630000 - 0x00007ffe756e2000 	C:\Windows\System32\KERNEL32.DLL
0x00007ffe74a90000 - 0x00007ffe74d34000 	C:\Windows\System32\KERNELBASE.dll
0x00007ffe75190000 - 0x00007ffe7528a000 	C:\Windows\System32\ucrtbase.dll
0x00007ffe6f1b0000 - 0x00007ffe6f1c7000 	C:\Program Files\Java\jdk-12.0.2\bin\jli.dll
0x00007ffe729f0000 - 0x00007ffe72a06000 	C:\Program Files\Java\jdk-12.0.2\bin\VCRUNTIME140.dll
0x00007ffe76c00000 - 0x00007ffe76d94000 	C:\Windows\System32\USER32.dll
0x00007ffe74ee0000 - 0x00007ffe74f01000 	C:\Windows\System32\win32u.dll
0x00007ffe735e0000 - 0x00007ffe73864000 	C:\Windows\WinSxS\amd64_microsoft.windows.common-controls_6595b64144ccf1df_6.0.18362.900_none_e6beb9d913147d17\COMCTL32.dll
0x00007ffe76af0000 - 0x00007ffe76b16000 	C:\Windows\System32\GDI32.dll
0x00007ffe771a0000 - 0x00007ffe7723e000 	C:\Windows\System32\msvcrt.dll
0x00007ffe74d40000 - 0x00007ffe74ed5000 	C:\Windows\System32\gdi32full.dll
0x00007ffe749f0000 - 0x00007ffe74a8e000 	C:\Windows\System32\msvcp_win.dll
0x00007ffe756f0000 - 0x00007ffe75a25000 	C:\Windows\System32\combase.dll
0x00007ffe75ba0000 - 0x00007ffe75cc0000 	C:\Windows\System32\RPCRT4.dll
0x00007ffe75290000 - 0x00007ffe75310000 	C:\Windows\System32\bcryptPrimitives.dll
0x00007ffe77170000 - 0x00007ffe7719e000 	C:\Windows\System32\IMM32.DLL
0x00007ffe59300000 - 0x00007ffe593aa000 	C:\Program Files\Java\jdk-12.0.2\bin\msvcp140.dll
0x00007ffe3a770000 - 0x00007ffe3b2e6000 	C:\Program Files\Java\jdk-12.0.2\bin\server\jvm.dll
0x00007ffe75af0000 - 0x00007ffe75b93000 	C:\Windows\System32\ADVAPI32.dll
0x00007ffe77040000 - 0x00007ffe770d7000 	C:\Windows\System32\sechost.dll
0x00007ffe75a30000 - 0x00007ffe75a38000 	C:\Windows\System32\PSAPI.DLL
0x00007ffe5b0e0000 - 0x00007ffe5b0e9000 	C:\Windows\SYSTEM32\WSOCK32.dll
0x00007ffe76950000 - 0x00007ffe769bf000 	C:\Windows\System32\WS2_32.dll
0x00007ffe713e0000 - 0x00007ffe71404000 	C:\Windows\SYSTEM32\WINMM.dll
0x00007ffe71fb0000 - 0x00007ffe71fba000 	C:\Windows\SYSTEM32\VERSION.dll
0x00007ffe713b0000 - 0x00007ffe713dd000 	C:\Windows\SYSTEM32\WINMMBASE.dll
0x00007ffe75340000 - 0x00007ffe7538a000 	C:\Windows\System32\cfgmgr32.dll
0x00007ffe74200000 - 0x00007ffe74211000 	C:\Windows\System32\kernel.appcore.dll
0x00007ffe4c4b0000 - 0x00007ffe4c4c1000 	C:\Program Files\Java\jdk-12.0.2\bin\verify.dll
0x00007ffe73c60000 - 0x00007ffe73e54000 	C:\Windows\SYSTEM32\DBGHELP.DLL
0x00007ffe739d0000 - 0x00007ffe739fa000 	C:\Windows\SYSTEM32\dbgcore.DLL
0x00007ffe3a740000 - 0x00007ffe3a766000 	C:\Program Files\Java\jdk-12.0.2\bin\java.dll
0x00007ffe6e260000 - 0x00007ffe6e298000 	C:\Program Files\Java\jdk-12.0.2\bin\jdwp.dll
0x00007ffe729d0000 - 0x00007ffe729de000 	C:\Program Files\Java\jdk-12.0.2\bin\instrument.dll
0x00007ffe3a720000 - 0x00007ffe3a737000 	C:\Program Files\Java\jdk-12.0.2\bin\zip.dll
0x00007ffe58850000 - 0x00007ffe5885a000 	C:\Program Files\Java\jdk-12.0.2\bin\jimage.dll
0x00007ffe76260000 - 0x00007ffe76946000 	C:\Windows\System32\SHELL32.dll
0x00007ffe769c0000 - 0x00007ffe76a69000 	C:\Windows\System32\shcore.dll
0x00007ffe74270000 - 0x00007ffe749f0000 	C:\Windows\System32\windows.storage.dll
0x00007ffe74240000 - 0x00007ffe74263000 	C:\Windows\System32\profapi.dll
0x00007ffe741b0000 - 0x00007ffe741fa000 	C:\Windows\System32\powrprof.dll
0x00007ffe741a0000 - 0x00007ffe741b0000 	C:\Windows\System32\UMPDC.dll
0x00007ffe76200000 - 0x00007ffe76252000 	C:\Windows\System32\shlwapi.dll
0x00007ffe75170000 - 0x00007ffe75187000 	C:\Windows\System32\cryptsp.dll
0x00007ffe6f190000 - 0x00007ffe6f19a000 	C:\Program Files\Java\jdk-12.0.2\bin\dt_socket.dll
0x00007ffe73330000 - 0x00007ffe73397000 	C:\Windows\System32\mswsock.dll
0x00007ffe73080000 - 0x00007ffe7314b000 	C:\Windows\SYSTEM32\DNSAPI.dll
0x00007ffe770e0000 - 0x00007ffe770e8000 	C:\Windows\System32\NSI.dll
0x00007ffe73040000 - 0x00007ffe7307a000 	C:\Windows\SYSTEM32\IPHLPAPI.DLL
0x00007ffe6ca20000 - 0x00007ffe6ca97000 	C:\Windows\System32\fwpuclnt.dll
0x00007ffe75310000 - 0x00007ffe75336000 	C:\Windows\System32\bcrypt.dll
0x00007ffe62e60000 - 0x00007ffe62e6a000 	C:\Windows\System32\rasadhlp.dll
0x00007ffe3a700000 - 0x00007ffe3a719000 	C:\Program Files\Java\jdk-12.0.2\bin\net.dll
0x00007ffe68c50000 - 0x00007ffe68e26000 	C:\Windows\SYSTEM32\urlmon.dll
0x00007ffe6c010000 - 0x00007ffe6c100000 	C:\Windows\SYSTEM32\WINHTTP.dll
0x00007ffe68f50000 - 0x00007ffe691f6000 	C:\Windows\SYSTEM32\iertutil.dll
0x00007ffe73500000 - 0x00007ffe7350c000 	C:\Windows\SYSTEM32\CRYPTBASE.DLL
0x00007ffe3a6e0000 - 0x00007ffe3a6f3000 	C:\Program Files\Java\jdk-12.0.2\bin\nio.dll
0x00007ffe6e3f0000 - 0x00007ffe6e3f9000 	C:\Program Files\Java\jdk-12.0.2\bin\management.dll
0x00007ffe6e3e0000 - 0x00007ffe6e3ec000 	C:\Program Files\Java\jdk-12.0.2\bin\management_ext.dll
0x00007ffe3b6b0000 - 0x00007ffe3b6c6000 	C:\Windows\system32\napinsp.dll
0x00007ffe3b690000 - 0x00007ffe3b6aa000 	C:\Windows\system32\pnrpnsp.dll
0x00007ffe588c0000 - 0x00007ffe588ce000 	C:\Windows\System32\winrnr.dll
0x00007ffe6fcf0000 - 0x00007ffe6fd0c000 	C:\Windows\system32\NLAapi.dll
0x00007ffe4e840000 - 0x00007ffe4e855000 	C:\Windows\system32\wshbth.dll
0x00007ffe72ea0000 - 0x00007ffe72ed3000 	C:\Windows\system32\rsaenh.dll
0x00007ffe74090000 - 0x00007ffe740b5000 	C:\Windows\SYSTEM32\USERENV.dll
0x00007ffe6cbe0000 - 0x00007ffe6cbf6000 	C:\Windows\SYSTEM32\dhcpcsvc6.DLL
0x00007ffe6cfd0000 - 0x00007ffe6cfec000 	C:\Windows\SYSTEM32\dhcpcsvc.DLL

dbghelp: loaded successfully - version: 4.0.5 - missing functions: none
symbol engine: initialized successfully - sym options: 0x614 - pdb path: .;C:\Program Files\Java\jdk-12.0.2\bin;C:\Windows\SYSTEM32;C:\Windows\WinSxS\amd64_microsoft.windows.common-controls_6595b64144ccf1df_6.0.18362.900_none_e6beb9d913147d17;C:\Program Files\Java\jdk-12.0.2\bin\server

VM Arguments:
jvm_args: -agentlib:jdwp=transport=dt_socket,suspend=y,address=localhost:61108 -ea -javaagent:C:\Users\bhavi\eclipse\jee-2019-093\eclipse\configuration\org.eclipse.osgi\412\0\.cp\lib\javaagent-shaded.jar -Dfile.encoding=UTF-8 
java_command: org.eclipse.jdt.internal.junit.runner.RemoteTestRunner -version 3 -port 61103 -testLoaderClass org.eclipse.jdt.internal.junit5.runner.JUnit5TestLoader -loaderpluginname org.eclipse.jdt.junit5.runtime -test com.ls.training.service.UserServiceTest:update
java_class_path (initial): D:\training\com.ls.training\target\test-classes;D:\training\com.ls.training\target\classes;C:\Users\bhavi\.m2\repository\org\springframework\boot\spring-boot-starter-data-jpa\2.3.0.RELEASE\spring-boot-starter-data-jpa-2.3.0.RELEASE.jar;C:\Users\bhavi\.m2\repository\org\springframework\boot\spring-boot-starter-aop\2.3.0.RELEASE\spring-boot-starter-aop-2.3.0.RELEASE.jar;C:\Users\bhavi\.m2\repository\org\springframework\spring-aop\5.2.6.RELEASE\spring-aop-5.2.6.RELEASE.jar;C:\Users\bhavi\.m2\repository\org\aspectj\aspectjweaver\1.9.5\aspectjweaver-1.9.5.jar;C:\Users\bhavi\.m2\repository\org\springframework\boot\spring-boot-starter-jdbc\2.3.0.RELEASE\spring-boot-starter-jdbc-2.3.0.RELEASE.jar;C:\Users\bhavi\.m2\repository\com\zaxxer\HikariCP\3.4.5\HikariCP-3.4.5.jar;C:\Users\bhavi\.m2\repository\org\springframework\spring-jdbc\5.2.6.RELEASE\spring-jdbc-5.2.6.RELEASE.jar;C:\Users\bhavi\.m2\repository\jakarta\transaction\jakarta.transaction-api\1.3.3\jakarta.transaction-api-1.3.3.jar;C:\Users\bhavi\.m2\repository\jakarta\persistence\jakarta.persistence-api\2.2.3\jakarta.persistence-api-2.2.3.jar;C:\Users\bhavi\.m2\repository\org\hibernate\hibernate-core\5.4.15.Final\hibernate-core-5.4.15.Final.jar;C:\Users\bhavi\.m2\repository\org\jboss\logging\jboss-logging\3.4.1.Final\jboss-logging-3.4.1.Final.jar;C:\Users\bhavi\.m2\repository\org\javassist\javassist\3.24.0-GA\javassist-3.24.0-GA.jar;C:\Users\bhavi\.m2\repository\net\bytebuddy\byte-buddy\1.10.10\byte-buddy-1.10.10.jar;C:\Users\bhavi\.m2\repository\antlr\antlr\2.7.7\antlr-2.7.7.jar;C:\Users\bhavi\.m2\repository\org\jboss\jandex\2.1.3.Final\jandex-2.1.3.Final.jar;C:\Users\bhavi\.m2\repository\com\fasterxml\classmate\1.5.1\classmate-1.5.1.jar;C:\Users\bhavi\.m2\repository\org\dom4j\dom4j\2.1.3\dom4j-2.1.3.jar;C:\Users\bhavi\.m2\repository\org\hibernate\common\hibernate-commons-annotations\5.1.0.Final\hibernate-commons-annotations-5.1.0.Final.jar;C:\Users\bhavi\.m2\repository\org\glassfish\jaxb\
Launcher Type: SUN_STANDARD

[Global flags]
     intx CICompilerCount                          = 3                                         {product} {ergonomic}
     uint ConcGCThreads                            = 1                                         {product} {ergonomic}
     uint G1ConcRefinementThreads                  = 4                                         {product} {ergonomic}
   size_t G1HeapRegionSize                         = 1048576                                   {product} {ergonomic}
    uintx GCDrainStackTargetSize                   = 64                                        {product} {ergonomic}
   size_t InitialHeapSize                          = 67108864                                  {product} {ergonomic}
   size_t MarkStackSize                            = 4194304                                   {product} {ergonomic}
   size_t MaxHeapSize                              = 1052770304                                {product} {ergonomic}
   size_t MaxNewSize                               = 631242752                                 {product} {ergonomic}
   size_t MinHeapDeltaBytes                        = 1048576                                   {product} {ergonomic}
    uintx NonNMethodCodeHeapSize                   = 5830732                                {pd product} {ergonomic}
    uintx NonProfiledCodeHeapSize                  = 122913754                              {pd product} {ergonomic}
    uintx ProfiledCodeHeapSize                     = 122913754                              {pd product} {ergonomic}
    uintx ReservedCodeCacheSize                    = 251658240                              {pd product} {ergonomic}
     bool SegmentedCodeCache                       = true                                      {product} {ergonomic}
     bool UseCompressedClassPointers               = true                                 {lp64_product} {ergonomic}
     bool UseCompressedOops                        = true                                 {lp64_product} {ergonomic}
     bool UseG1GC                                  = true                                      {product} {ergonomic}
     bool UseLargePagesIndividualAllocation        = false                                  {pd product} {ergonomic}

Logging:
Log output configuration:
 #0: stdout all=warning uptime,level,tags
 #1: stderr all=off uptime,level,tags

Environment Variables:
CLASSPATH=C:\Program Files\Apache Software Foundation\Tomcat 7.0\lib\servlet-api.jar;C:\Program Files\Apache Software Foundation\Tomcat 7.0\lib\jsp-api.jar;C:\Program Files\Java\jdk-12.0.2\bin;
PATH=C:/Program Files/Java/jdk-12.0.2/bin/server;C:/Program Files/Java/jdk-12.0.2/bin;C:\Program Files\Java\jdk-12.0.2\bin;C:\ProgramData\Oracle\Java\javapath;C:\Windows\system32;C:\Windows;C:\Windows\System32\Wbem;C:\Windows\System32\WindowsPowerShell\v1.0\;C:\Windows\System32\OpenSSH\;C:\Program Files\Java\jdk1.8.0_121\bin;C:\Program Files\Java\jdk1.8.0_121\lib;C:\Program Files\Java\jre1.8.0_121\bin;C:\Program Files\Java\jre1.8.0_121\lib;C:\Program Files\Apache Software Foundation\Tomcat 7.0\bin;C:\Program Files\Apache Software Foundation\Tomcat 7.0\lib\servlet-api.jar;C:\Program Files\Apache Software Foundation\Tomcat 7.0\lib\jsp-api.jar;C:\xampp\php;D:\nvm;C:\Program Files\nodejs;C:\Program Files\PostgreSQL\12\bin;C:\Program Files\PostgreSQL\12\lib;C:\Program Files\Apache Software Foundation\Tomcat 7.0\bin;C:\Users\bhavi\AppData\Local\Programs\Microsoft VS Code\bin;C:\Users\bhavi\AppData\Roaming\npm;D:\nvm;C:\Program Files\nodejs;C:\Program Files\JetBrains\PyCharm 2020.1\bin;C:\Program Files\JetBrains\IntelliJ IDEA Community Edition 2020.1.1\bin;D:\jdk-12.0.2\bin\;;C:\Windows\system32;
USERNAME=bhavi
OS=Windows_NT
PROCESSOR_IDENTIFIER=Intel64 Family 6 Model 69 Stepping 1, GenuineIntel



---------------  S Y S T E M  ---------------

OS: Windows 10 , 64 bit Build 18362 (10.0.18362.900)

CPU:total 4 (initial active 4) (2 cores per cpu, 2 threads per core) family 6 model 69 stepping 1, cmov, cx8, fxsr, mmx, sse, sse2, sse3, ssse3, sse4.1, sse4.2, popcnt, avx, avx2, aes, clmul, erms, lzcnt, ht, tsc, tscinvbit, bmi1, bmi2, fma

Memory: 4k page, system-wide physical 4012M (987M free)
TotalPageFile size 11436M (AvailPageFile size 4372M)
current process WorkingSet (physical memory assigned to process): 119M, peak: 283M
current process commit charge ("private bytes"): 244M, peak: 322M

vm_info: OpenJDK 64-Bit Server VM (12.0.2+10) for windows-amd64 JRE (12.0.2+10), built on Jul 16 2019 01:56:05 by "mach5one" with MS VC++ 15.5 (VS2017)

END.
